[debug] [2021-03-03T23:47:40.776Z] ----------------------------------------------------------------------
[debug] [2021-03-03T23:47:40.778Z] Command:       /usr/local/bin/firebase /Users/sxr0711/.cache/firebase/tools/lib/node_modules/firebase-tools/lib/bin/firebase serve
[debug] [2021-03-03T23:47:40.779Z] CLI Version:   9.5.0
[debug] [2021-03-03T23:47:40.779Z] Platform:      darwin
[debug] [2021-03-03T23:47:40.779Z] Node Version:  v12.18.1
[debug] [2021-03-03T23:47:40.785Z] Time:          Wed Mar 03 2021 15:47:40 GMT-0800 (Pacific Standard Time)
[debug] [2021-03-03T23:47:40.785Z] ----------------------------------------------------------------------
[debug] [2021-03-03T23:47:40.785Z] 
[debug] [2021-03-03T23:47:40.793Z] > command requires scopes: ["email","openid","https://www.googleapis.com/auth/cloudplatformprojects.readonly","https://www.googleapis.com/auth/firebase","https://www.googleapis.com/auth/cloud-platform"]
[debug] [2021-03-03T23:47:40.794Z] > authorizing via signed-in user
[debug] [2021-03-03T23:47:40.794Z] [iam] checking project hello-world-ec50e for permissions ["firebase.projects.get"]
[debug] [2021-03-03T23:47:40.798Z] > refreshing access token with scopes: ["email","https://www.googleapis.com/auth/cloud-platform","https://www.googleapis.com/auth/cloudplatformprojects.readonly","https://www.googleapis.com/auth/firebase","openid"]
[debug] [2021-03-03T23:47:40.798Z] >>> HTTP REQUEST POST https://www.googleapis.com/oauth2/v3/token  
 <request body omitted>
[debug] [2021-03-03T23:47:41.044Z] <<< HTTP RESPONSE 200 {"cache-control":"no-cache, no-store, max-age=0, must-revalidate","pragma":"no-cache","date":"Wed, 03 Mar 2021 23:47:41 GMT","expires":"Mon, 01 Jan 1990 00:00:00 GMT","content-type":"application/json; charset=utf-8","vary":"X-Origin, Referer, Origin,Accept-Encoding","server":"scaffolding on HTTPServer2","x-xss-protection":"0","x-frame-options":"SAMEORIGIN","x-content-type-options":"nosniff","alt-svc":"h3-29=\":443\"; ma=2592000,h3-T051=\":443\"; ma=2592000,h3-Q050=\":443\"; ma=2592000,h3-Q046=\":443\"; ma=2592000,h3-Q043=\":443\"; ma=2592000,quic=\":443\"; ma=2592000; v=\"46,43\"","accept-ranges":"none","transfer-encoding":"chunked"}
[debug] [2021-03-03T23:47:41.059Z] >>> HTTP REQUEST POST https://cloudresourcemanager.googleapis.com/v1/projects/hello-world-ec50e:testIamPermissions  
 {"permissions":["firebase.projects.get"]}
[debug] [2021-03-03T23:47:41.354Z] <<< HTTP RESPONSE 200 {"content-type":"application/json; charset=UTF-8","vary":"X-Origin, Referer, Origin,Accept-Encoding","date":"Wed, 03 Mar 2021 23:47:41 GMT","server":"ESF","cache-control":"private","x-xss-protection":"0","x-frame-options":"SAMEORIGIN","x-content-type-options":"nosniff","server-timing":"gfet4t7; dur=138","alt-svc":"h3-29=\":443\"; ma=2592000,h3-T051=\":443\"; ma=2592000,h3-Q050=\":443\"; ma=2592000,h3-Q046=\":443\"; ma=2592000,h3-Q043=\":443\"; ma=2592000,quic=\":443\"; ma=2592000; v=\"46,43\"","accept-ranges":"none","transfer-encoding":"chunked"}
[debug] [2021-03-03T23:47:41.356Z] > refreshing access token with scopes: []
[debug] [2021-03-03T23:47:41.356Z] >>> HTTP REQUEST POST https://www.googleapis.com/oauth2/v3/token  
 <request body omitted>
[debug] [2021-03-03T23:47:41.551Z] <<< HTTP RESPONSE 200 {"expires":"Mon, 01 Jan 1990 00:00:00 GMT","date":"Wed, 03 Mar 2021 23:47:41 GMT","cache-control":"no-cache, no-store, max-age=0, must-revalidate","pragma":"no-cache","content-type":"application/json; charset=utf-8","vary":"X-Origin, Referer, Origin,Accept-Encoding","server":"scaffolding on HTTPServer2","x-xss-protection":"0","x-frame-options":"SAMEORIGIN","x-content-type-options":"nosniff","alt-svc":"h3-29=\":443\"; ma=2592000,h3-T051=\":443\"; ma=2592000,h3-Q050=\":443\"; ma=2592000,h3-Q046=\":443\"; ma=2592000,h3-Q043=\":443\"; ma=2592000,quic=\":443\"; ma=2592000; v=\"46,43\"","accept-ranges":"none","transfer-encoding":"chunked"}
[debug] [2021-03-03T23:47:41.568Z] >>> [apiv2][query] GET https://firebase.googleapis.com/v1beta1/projects/hello-world-ec50e [none]
[debug] [2021-03-03T23:47:41.783Z] <<< [apiv2][status] GET https://firebase.googleapis.com/v1beta1/projects/hello-world-ec50e 200
[debug] [2021-03-03T23:47:41.783Z] <<< [apiv2][body] GET https://firebase.googleapis.com/v1beta1/projects/hello-world-ec50e {"projectId":"hello-world-ec50e","projectNumber":"880841553776","displayName":"hello-world","name":"projects/hello-world-ec50e","resources":{"hostingSite":"hello-world-ec50e"},"state":"ACTIVE"}
[info] 
[info] === Serving from '/Users/sxr0711'...
[info] 
[debug] [2021-03-03T23:47:41.785Z] >>> [apiv2][query] GET https://firebase.googleapis.com/v1beta1/projects/hello-world-ec50e/webApps/-/config [none]
[debug] [2021-03-03T23:47:42.178Z] <<< [apiv2][status] GET https://firebase.googleapis.com/v1beta1/projects/hello-world-ec50e/webApps/-/config 200
[debug] [2021-03-03T23:47:42.178Z] <<< [apiv2][body] GET https://firebase.googleapis.com/v1beta1/projects/hello-world-ec50e/webApps/-/config {"projectId":"hello-world-ec50e","storageBucket":"hello-world-ec50e.appspot.com","apiKey":"AIzaSyAOm4OSCyztNKjbg4SPeYyPA8jI0BgGGHo","authDomain":"hello-world-ec50e.firebaseapp.com","messagingSenderId":"880841553776"}
[info] i  hosting: Serving hosting files from: /Users/sxr0711/Desktop/HTML/evc-cit040-web-design-i/public {"metadata":{"emulator":{"name":"hosting"},"message":"Serving hosting files from: \u001b[1m/Users/sxr0711/Desktop/HTML/evc-cit040-web-design-i/public\u001b[22m"}}
[info] ✔  hosting: Local server: http://localhost:5000 {"metadata":{"emulator":{"name":"hosting"},"message":"Local server: \u001b[4m\u001b[1mhttp://localhost:5000\u001b[22m\u001b[24m"}}
